# JRE version: OpenJDK Runtime Environment OpenLogic-OpenJDK (21.0.6+7) (build 21.0.6+7-adhoc.Administrator.jdk21u)
# Java VM: OpenJDK 64-Bit Server VM OpenLogic-OpenJDK (21.0.6+7-adhoc.Administrator.jdk21u, mixed mode, sharing, tiered, compressed oops, compressed class ptrs, g1 gc, windows-amd64)
GC Precious Log:
 CardTable entry size: 512
 Card Set container configuration: InlinePtr #cards 4 size 8 Array Of Cards #cards 32 size 80 Howl #buckets 8 coarsen threshold 7372 Howl Bitmap #cards 1024 size 144 coarsen threshold 921 Card regions per heap region 1 cards per card region 8192
 CPUs: 12 total, 12 available
 Memory: 28565M
 Large Page Support: Disabled
 NUMA Support: Disabled
 Compressed Oops: Enabled (Zero based)
 Heap Region Size: 4M
 Heap Min Capacity: 8M
 Heap Initial Capacity: 448M
 Heap Max Capacity: 7144M
 Pre-touch: Disabled
 Parallel Workers: 10
 Concurrent Workers: 3
 Concurrent Refinement Workers: 10
 Periodic GC: Disabled
Heap:
 garbage-first heap   total 237568K, used 175680K [0x0000000641800000, 0x0000000800000000)
  region size 4096K, 19 young (77824K), 1 survivors (4096K)
 Metaspace       used 34781K, committed 35264K, reserved 1114112K
  class space    used 4725K, committed 4928K, reserved 1048576K
GC Heap History (20 events):
Event: 2.184 GC heap before
{Heap before GC invocations=9 (full 0):
 garbage-first heap   total 163840K, used 140511K [0x0000000641800000, 0x0000000800000000)
  region size 4096K, 24 young (98304K), 1 survivors (4096K)
 Metaspace       used 25234K, committed 25664K, reserved 1114112K
  class space    used 3220K, committed 3392K, reserved 1048576K
}
Event: 2.198 GC heap after
{Heap after GC invocations=10 (full 0):
 garbage-first heap   total 184320K, used 81971K [0x0000000641800000, 0x0000000800000000)
  region size 4096K, 3 young (12288K), 3 survivors (12288K)
 Metaspace       used 25234K, committed 25664K, reserved 1114112K
  class space    used 3220K, committed 3392K, reserved 1048576K
}
Event: 2.309 GC heap before
{Heap before GC invocations=10 (full 0):
 garbage-first heap   total 184320K, used 127027K [0x0000000641800000, 0x0000000800000000)
  region size 4096K, 14 young (57344K), 3 survivors (12288K)
 Metaspace       used 25468K, committed 25984K, reserved 1114112K
  class space    used 3235K, committed 3456K, reserved 1048576K
}
Event: 2.313 GC heap after
{Heap after GC invocations=11 (full 0):
 garbage-first heap   total 184320K, used 85745K [0x0000000641800000, 0x0000000800000000)
  region size 4096K, 1 young (4096K), 1 survivors (4096K)
 Metaspace       used 25468K, committed 25984K, reserved 1114112K
  class space    used 3235K, committed 3456K, reserved 1048576K
}
Event: 2.349 GC heap before
{Heap before GC invocations=11 (full 0):
 garbage-first heap   total 184320K, used 130801K [0x0000000641800000, 0x0000000800000000)
  region size 4096K, 12 young (49152K), 1 survivors (4096K)
 Metaspace       used 25468K, committed 25984K, reserved 1114112K
  class space    used 3235K, committed 3456K, reserved 1048576K
}
Event: 2.350 GC heap after
{Heap after GC invocations=12 (full 0):
 garbage-first heap   total 184320K, used 85430K [0x0000000641800000, 0x0000000800000000)
  region size 4096K, 1 young (4096K), 1 survivors (4096K)
 Metaspace       used 25468K, committed 25984K, reserved 1114112K
  class space    used 3235K, committed 3456K, reserved 1048576K
}
Event: 2.400 GC heap before
{Heap before GC invocations=12 (full 0):
 garbage-first heap   total 184320K, used 138678K [0x0000000641800000, 0x0000000800000000)
  region size 4096K, 14 young (57344K), 1 survivors (4096K)
 Metaspace       used 25468K, committed 25984K, reserved 1114112K
  class space    used 3235K, committed 3456K, reserved 1048576K
}
Event: 2.401 GC heap after
{Heap after GC invocations=13 (full 0):
 garbage-first heap   total 237568K, used 84810K [0x0000000641800000, 0x0000000800000000)
  region size 4096K, 1 young (4096K), 1 survivors (4096K)
 Metaspace       used 25468K, committed 25984K, reserved 1114112K
  class space    used 3235K, committed 3456K, reserved 1048576K
}
Event: 2.452 GC heap before
{Heap before GC invocations=14 (full 0):
 garbage-first heap   total 237568K, used 166730K [0x0000000641800000, 0x0000000800000000)
  region size 4096K, 21 young (86016K), 1 survivors (4096K)
 Metaspace       used 25469K, committed 25984K, reserved 1114112K
  class space    used 3235K, committed 3456K, reserved 1048576K
}
Event: 2.454 GC heap after
{Heap after GC invocations=15 (full 0):
 garbage-first heap   total 237568K, used 84948K [0x0000000641800000, 0x0000000800000000)
  region size 4096K, 1 young (4096K), 1 survivors (4096K)
 Metaspace       used 25469K, committed 25984K, reserved 1114112K
  class space    used 3235K, committed 3456K, reserved 1048576K
}
Event: 2.500 GC heap before
{Heap before GC invocations=15 (full 0):
 garbage-first heap   total 237568K, used 179156K [0x0000000641800000, 0x0000000800000000)
  region size 4096K, 24 young (98304K), 1 survivors (4096K)
 Metaspace       used 25469K, committed 25984K, reserved 1114112K
  class space    used 3235K, committed 3456K, reserved 1048576K
}
Event: 2.501 GC heap after
{Heap after GC invocations=16 (full 0):
 garbage-first heap   total 237568K, used 83153K [0x0000000641800000, 0x0000000800000000)
  region size 4096K, 1 young (4096K), 1 survivors (4096K)
 Metaspace       used 25469K, committed 25984K, reserved 1114112K
  class space    used 3235K, committed 3456K, reserved 1048576K
}
Event: 2.565 GC heap before
{Heap before GC invocations=16 (full 0):
 garbage-first heap   total 237568K, used 189649K [0x0000000641800000, 0x0000000800000000)
  region size 4096K, 27 young (110592K), 1 survivors (4096K)
 Metaspace       used 25469K, committed 25984K, reserved 1114112K
  class space    used 3235K, committed 3456K, reserved 1048576K
}
Event: 2.566 GC heap after
{Heap after GC invocations=17 (full 0):
 garbage-first heap   total 237568K, used 83379K [0x0000000641800000, 0x0000000800000000)
  region size 4096K, 1 young (4096K), 1 survivors (4096K)
 Metaspace       used 25469K, committed 25984K, reserved 1114112K
  class space    used 3235K, committed 3456K, reserved 1048576K
}
Event: 2.644 GC heap before
{Heap before GC invocations=17 (full 0):
 garbage-first heap   total 237568K, used 206259K [0x0000000641800000, 0x0000000800000000)
  region size 4096K, 31 young (126976K), 1 survivors (4096K)
 Metaspace       used 25469K, committed 25984K, reserved 1114112K
  class space    used 3235K, committed 3456K, reserved 1048576K
}
Event: 2.645 GC heap after
{Heap after GC invocations=18 (full 0):
 garbage-first heap   total 237568K, used 83157K [0x0000000641800000, 0x0000000800000000)
  region size 4096K, 1 young (4096K), 1 survivors (4096K)
 Metaspace       used 25469K, committed 25984K, reserved 1114112K
  class space    used 3235K, committed 3456K, reserved 1048576K
}
Event: 2.708 GC heap before
{Heap before GC invocations=18 (full 0):
 garbage-first heap   total 237568K, used 210133K [0x0000000641800000, 0x0000000800000000)
  region size 4096K, 32 young (131072K), 1 survivors (4096K)
 Metaspace       used 25469K, committed 25984K, reserved 1114112K
  class space    used 3235K, committed 3456K, reserved 1048576K
}
Event: 2.708 GC heap after
{Heap after GC invocations=19 (full 0):
 garbage-first heap   total 237568K, used 83375K [0x0000000641800000, 0x0000000800000000)
  region size 4096K, 1 young (4096K), 1 survivors (4096K)
 Metaspace       used 25469K, committed 25984K, reserved 1114112K
  class space    used 3235K, committed 3456K, reserved 1048576K
}
Event: 3.075 GC heap before
{Heap before GC invocations=20 (full 0):
 garbage-first heap   total 237568K, used 214447K [0x0000000641800000, 0x0000000800000000)
  region size 4096K, 33 young (135168K), 1 survivors (4096K)
 Metaspace       used 29710K, committed 30208K, reserved 1114112K
  class space    used 4098K, committed 4352K, reserved 1048576K
}
Event: 3.077 GC heap after
{Heap after GC invocations=21 (full 0):
 garbage-first heap   total 237568K, used 85568K [0x0000000641800000, 0x0000000800000000)
  region size 4096K, 1 young (4096K), 1 survivors (4096K)
 Metaspace       used 29710K, committed 30208K, reserved 1114112K
  class space    used 4098K, committed 4352K, reserved 1048576K
}

