# JRE version: OpenJDK Runtime Environment OpenLogic-OpenJDK (21.0.6+7) (build 21.0.6+7-adhoc.Administrator.jdk21u)
# Java VM: OpenJDK 64-Bit Server VM OpenLogic-OpenJDK (21.0.6+7-adhoc.Administrator.jdk21u, mixed mode, sharing, tiered, compressed oops, compressed class ptrs, g1 gc, windows-amd64)
GC Precious Log:
 CardTable entry size: 512
 Card Set container configuration: InlinePtr #cards 4 size 8 Array Of Cards #cards 32 size 80 Howl #buckets 8 coarsen threshold 7372 Howl Bitmap #cards 1024 size 144 coarsen threshold 921 Card regions per heap region 1 cards per card region 8192
 CPUs: 12 total, 12 available
 Memory: 28565M
 Large Page Support: Disabled
 NUMA Support: Disabled
 Compressed Oops: Enabled (Zero based)
 Heap Region Size: 4M
 Heap Min Capacity: 8M
 Heap Initial Capacity: 448M
 Heap Max Capacity: 7144M
 Pre-touch: Disabled
 Parallel Workers: 10
 Concurrent Workers: 3
 Concurrent Refinement Workers: 10
 Periodic GC: Disabled
Heap:
 garbage-first heap   total 167936K, used 80965K [0x0000000641800000, 0x0000000800000000)
  region size 4096K, 2 young (8192K), 1 survivors (4096K)
 Metaspace       used 36659K, committed 37184K, reserved 1114112K
  class space    used 4877K, committed 5120K, reserved 1048576K
GC Heap History (20 events):
Event: 2.391 GC heap before
{Heap before GC invocations=5 (full 0):
 garbage-first heap   total 73728K, used 43892K [0x0000000641800000, 0x0000000800000000)
  region size 4096K, 10 young (40960K), 4 survivors (16384K)
 Metaspace       used 32045K, committed 32512K, reserved 1114112K
  class space    used 4468K, committed 4672K, reserved 1048576K
}
Event: 2.399 GC heap after
{Heap after GC invocations=6 (full 0):
 garbage-first heap   total 73728K, used 25971K [0x0000000641800000, 0x0000000800000000)
  region size 4096K, 2 young (8192K), 2 survivors (8192K)
 Metaspace       used 32045K, committed 32512K, reserved 1114112K
  class space    used 4468K, committed 4672K, reserved 1048576K
}
Event: 2.443 GC heap before
{Heap before GC invocations=6 (full 0):
 garbage-first heap   total 73728K, used 34163K [0x0000000641800000, 0x0000000800000000)
  region size 4096K, 3 young (12288K), 2 survivors (8192K)
 Metaspace       used 32861K, committed 33280K, reserved 1114112K
  class space    used 4549K, committed 4736K, reserved 1048576K
}
Event: 2.446 GC heap after
{Heap after GC invocations=7 (full 0):
 garbage-first heap   total 73728K, used 35282K [0x0000000641800000, 0x0000000800000000)
  region size 4096K, 1 young (4096K), 1 survivors (4096K)
 Metaspace       used 32861K, committed 33280K, reserved 1114112K
  class space    used 4549K, committed 4736K, reserved 1048576K
}
Event: 23.174 GC heap before
{Heap before GC invocations=8 (full 0):
 garbage-first heap   total 90112K, used 63954K [0x0000000641800000, 0x0000000800000000)
  region size 4096K, 5 young (20480K), 1 survivors (4096K)
 Metaspace       used 34325K, committed 34816K, reserved 1114112K
  class space    used 4629K, committed 4864K, reserved 1048576K
}
Event: 23.176 GC heap after
{Heap after GC invocations=9 (full 0):
 garbage-first heap   total 90112K, used 48751K [0x0000000641800000, 0x0000000800000000)
  region size 4096K, 1 young (4096K), 1 survivors (4096K)
 Metaspace       used 34325K, committed 34816K, reserved 1114112K
  class space    used 4629K, committed 4864K, reserved 1048576K
}
Event: 34.732 GC heap before
{Heap before GC invocations=9 (full 0):
 garbage-first heap   total 90112K, used 69231K [0x0000000641800000, 0x0000000800000000)
  region size 4096K, 6 young (24576K), 1 survivors (4096K)
 Metaspace       used 35118K, committed 35648K, reserved 1114112K
  class space    used 4674K, committed 4928K, reserved 1048576K
}
Event: 34.739 GC heap after
{Heap after GC invocations=10 (full 0):
 garbage-first heap   total 90112K, used 50591K [0x0000000641800000, 0x0000000800000000)
  region size 4096K, 1 young (4096K), 1 survivors (4096K)
 Metaspace       used 35118K, committed 35648K, reserved 1114112K
  class space    used 4674K, committed 4928K, reserved 1048576K
}
Event: 34.883 GC heap before
{Heap before GC invocations=10 (full 0):
 garbage-first heap   total 90112K, used 75167K [0x0000000641800000, 0x0000000800000000)
  region size 4096K, 7 young (28672K), 1 survivors (4096K)
 Metaspace       used 35296K, committed 35776K, reserved 1114112K
  class space    used 4707K, committed 4928K, reserved 1048576K
}
Event: 34.887 GC heap after
{Heap after GC invocations=11 (full 0):
 garbage-first heap   total 90112K, used 54914K [0x0000000641800000, 0x0000000800000000)
  region size 4096K, 1 young (4096K), 1 survivors (4096K)
 Metaspace       used 35296K, committed 35776K, reserved 1114112K
  class space    used 4707K, committed 4928K, reserved 1048576K
}
Event: 35.045 GC heap before
{Heap before GC invocations=12 (full 0):
 garbage-first heap   total 98304K, used 75394K [0x0000000641800000, 0x0000000800000000)
  region size 4096K, 6 young (24576K), 1 survivors (4096K)
 Metaspace       used 35640K, committed 36160K, reserved 1114112K
  class space    used 4735K, committed 4992K, reserved 1048576K
}
Event: 35.048 GC heap after
{Heap after GC invocations=13 (full 0):
 garbage-first heap   total 98304K, used 58769K [0x0000000641800000, 0x0000000800000000)
  region size 4096K, 1 young (4096K), 1 survivors (4096K)
 Metaspace       used 35640K, committed 36160K, reserved 1114112K
  class space    used 4735K, committed 4992K, reserved 1048576K
}
Event: 35.185 GC heap before
{Heap before GC invocations=13 (full 0):
 garbage-first heap   total 98304K, used 79249K [0x0000000641800000, 0x0000000800000000)
  region size 4096K, 6 young (24576K), 1 survivors (4096K)
 Metaspace       used 35870K, committed 36416K, reserved 1114112K
  class space    used 4759K, committed 4992K, reserved 1048576K
}
Event: 35.189 GC heap after
{Heap after GC invocations=14 (full 0):
 garbage-first heap   total 98304K, used 63022K [0x0000000641800000, 0x0000000800000000)
  region size 4096K, 1 young (4096K), 1 survivors (4096K)
 Metaspace       used 35870K, committed 36416K, reserved 1114112K
  class space    used 4759K, committed 4992K, reserved 1048576K
}
Event: 35.290 GC heap before
{Heap before GC invocations=14 (full 0):
 garbage-first heap   total 98304K, used 79406K [0x0000000641800000, 0x0000000800000000)
  region size 4096K, 5 young (20480K), 1 survivors (4096K)
 Metaspace       used 36024K, committed 36544K, reserved 1114112K
  class space    used 4778K, committed 4992K, reserved 1048576K
}
Event: 35.294 GC heap after
{Heap after GC invocations=15 (full 0):
 garbage-first heap   total 98304K, used 69164K [0x0000000641800000, 0x0000000800000000)
  region size 4096K, 1 young (4096K), 1 survivors (4096K)
 Metaspace       used 36024K, committed 36544K, reserved 1114112K
  class space    used 4778K, committed 4992K, reserved 1048576K
}
Event: 35.372 GC heap before
{Heap before GC invocations=16 (full 0):
 garbage-first heap   total 118784K, used 81452K [0x0000000641800000, 0x0000000800000000)
  region size 4096K, 4 young (16384K), 1 survivors (4096K)
 Metaspace       used 36060K, committed 36544K, reserved 1114112K
  class space    used 4778K, committed 4992K, reserved 1048576K
}
Event: 35.376 GC heap after
{Heap after GC invocations=17 (full 0):
 garbage-first heap   total 118784K, used 73296K [0x0000000641800000, 0x0000000800000000)
  region size 4096K, 1 young (4096K), 1 survivors (4096K)
 Metaspace       used 36060K, committed 36544K, reserved 1114112K
  class space    used 4778K, committed 4992K, reserved 1048576K
}
Event: 63.223 GC heap before
{Heap before GC invocations=17 (full 0):
 garbage-first heap   total 118784K, used 93776K [0x0000000641800000, 0x0000000800000000)
  region size 4096K, 7 young (28672K), 1 survivors (4096K)
 Metaspace       used 36641K, committed 37184K, reserved 1114112K
  class space    used 4873K, committed 5120K, reserved 1048576K
}
Event: 63.229 GC heap after
{Heap after GC invocations=18 (full 0):
 garbage-first heap   total 167936K, used 80965K [0x0000000641800000, 0x0000000800000000)
  region size 4096K, 1 young (4096K), 1 survivors (4096K)
 Metaspace       used 36641K, committed 37184K, reserved 1114112K
  class space    used 4873K, committed 5120K, reserved 1048576K
}

