# JRE version: OpenJDK Runtime Environment OpenLogic-OpenJDK (21.0.6+7) (build 21.0.6+7-adhoc.Administrator.jdk21u)
# Java VM: OpenJDK 64-Bit Server VM OpenLogic-OpenJDK (21.0.6+7-adhoc.Administrator.jdk21u, mixed mode, sharing, tiered, compressed oops, compressed class ptrs, g1 gc, windows-amd64)
GC Precious Log:
 CardTable entry size: 512
 Card Set container configuration: InlinePtr #cards 4 size 8 Array Of Cards #cards 32 size 80 Howl #buckets 8 coarsen threshold 7372 Howl Bitmap #cards 1024 size 144 coarsen threshold 921 Card regions per heap region 1 cards per card region 8192
 CPUs: 12 total, 12 available
 Memory: 28565M
 Large Page Support: Disabled
 NUMA Support: Disabled
 Compressed Oops: Enabled (Zero based)
 Heap Region Size: 4M
 Heap Min Capacity: 8M
 Heap Initial Capacity: 448M
 Heap Max Capacity: 7144M
 Pre-touch: Disabled
 Parallel Workers: 10
 Concurrent Workers: 3
 Concurrent Refinement Workers: 10
 Periodic GC: Disabled
Heap:
 garbage-first heap   total 294912K, used 145740K [0x0000000641800000, 0x0000000800000000)
  region size 4096K, 12 young (49152K), 5 survivors (20480K)
 Metaspace       used 35171K, committed 35712K, reserved 1114112K
  class space    used 4741K, committed 4992K, reserved 1048576K
GC Heap History (20 events):
Event: 2.130 GC heap before
{Heap before GC invocations=9 (full 0):
 garbage-first heap   total 163840K, used 140512K [0x0000000641800000, 0x0000000800000000)
  region size 4096K, 24 young (98304K), 1 survivors (4096K)
 Metaspace       used 25228K, committed 25728K, reserved 1114112K
  class space    used 3219K, committed 3456K, reserved 1048576K
}
Event: 2.144 GC heap after
{Heap after GC invocations=10 (full 0):
 garbage-first heap   total 184320K, used 82697K [0x0000000641800000, 0x0000000800000000)
  region size 4096K, 3 young (12288K), 3 survivors (12288K)
 Metaspace       used 25228K, committed 25728K, reserved 1114112K
  class space    used 3219K, committed 3456K, reserved 1048576K
}
Event: 2.257 GC heap before
{Heap before GC invocations=10 (full 0):
 garbage-first heap   total 184320K, used 123657K [0x0000000641800000, 0x0000000800000000)
  region size 4096K, 14 young (57344K), 3 survivors (12288K)
 Metaspace       used 25463K, committed 25920K, reserved 1114112K
  class space    used 3234K, committed 3456K, reserved 1048576K
}
Event: 2.261 GC heap after
{Heap after GC invocations=11 (full 0):
 garbage-first heap   total 184320K, used 87324K [0x0000000641800000, 0x0000000800000000)
  region size 4096K, 1 young (4096K), 1 survivors (4096K)
 Metaspace       used 25463K, committed 25920K, reserved 1114112K
  class space    used 3234K, committed 3456K, reserved 1048576K
}
Event: 2.295 GC heap before
{Heap before GC invocations=11 (full 0):
 garbage-first heap   total 184320K, used 132380K [0x0000000641800000, 0x0000000800000000)
  region size 4096K, 12 young (49152K), 1 survivors (4096K)
 Metaspace       used 25463K, committed 25920K, reserved 1114112K
  class space    used 3234K, committed 3456K, reserved 1048576K
}
Event: 2.296 GC heap after
{Heap after GC invocations=12 (full 0):
 garbage-first heap   total 184320K, used 86455K [0x0000000641800000, 0x0000000800000000)
  region size 4096K, 1 young (4096K), 1 survivors (4096K)
 Metaspace       used 25463K, committed 25920K, reserved 1114112K
  class space    used 3234K, committed 3456K, reserved 1048576K
}
Event: 2.337 GC heap before
{Heap before GC invocations=12 (full 0):
 garbage-first heap   total 184320K, used 139703K [0x0000000641800000, 0x0000000800000000)
  region size 4096K, 14 young (57344K), 1 survivors (4096K)
 Metaspace       used 25463K, committed 25920K, reserved 1114112K
  class space    used 3234K, committed 3456K, reserved 1048576K
}
Event: 2.338 GC heap after
{Heap after GC invocations=13 (full 0):
 garbage-first heap   total 245760K, used 86159K [0x0000000641800000, 0x0000000800000000)
  region size 4096K, 1 young (4096K), 1 survivors (4096K)
 Metaspace       used 25463K, committed 25920K, reserved 1114112K
  class space    used 3234K, committed 3456K, reserved 1048576K
}
Event: 2.397 GC heap before
{Heap before GC invocations=14 (full 0):
 garbage-first heap   total 245760K, used 172175K [0x0000000641800000, 0x0000000800000000)
  region size 4096K, 22 young (90112K), 1 survivors (4096K)
 Metaspace       used 25463K, committed 25920K, reserved 1114112K
  class space    used 3234K, committed 3456K, reserved 1048576K
}
Event: 2.397 GC heap after
{Heap after GC invocations=15 (full 0):
 garbage-first heap   total 245760K, used 86089K [0x0000000641800000, 0x0000000800000000)
  region size 4096K, 1 young (4096K), 1 survivors (4096K)
 Metaspace       used 25463K, committed 25920K, reserved 1114112K
  class space    used 3234K, committed 3456K, reserved 1048576K
}
Event: 2.451 GC heap before
{Heap before GC invocations=15 (full 0):
 garbage-first heap   total 245760K, used 188489K [0x0000000641800000, 0x0000000800000000)
  region size 4096K, 26 young (106496K), 1 survivors (4096K)
 Metaspace       used 25463K, committed 25920K, reserved 1114112K
  class space    used 3234K, committed 3456K, reserved 1048576K
}
Event: 2.453 GC heap after
{Heap after GC invocations=16 (full 0):
 garbage-first heap   total 245760K, used 83721K [0x0000000641800000, 0x0000000800000000)
  region size 4096K, 1 young (4096K), 1 survivors (4096K)
 Metaspace       used 25463K, committed 25920K, reserved 1114112K
  class space    used 3234K, committed 3456K, reserved 1048576K
}
Event: 2.522 GC heap before
{Heap before GC invocations=16 (full 0):
 garbage-first heap   total 245760K, used 202505K [0x0000000641800000, 0x0000000800000000)
  region size 4096K, 30 young (122880K), 1 survivors (4096K)
 Metaspace       used 25463K, committed 25920K, reserved 1114112K
  class space    used 3234K, committed 3456K, reserved 1048576K
}
Event: 2.523 GC heap after
{Heap after GC invocations=17 (full 0):
 garbage-first heap   total 245760K, used 83945K [0x0000000641800000, 0x0000000800000000)
  region size 4096K, 1 young (4096K), 1 survivors (4096K)
 Metaspace       used 25463K, committed 25920K, reserved 1114112K
  class space    used 3234K, committed 3456K, reserved 1048576K
}
Event: 2.604 GC heap before
{Heap before GC invocations=17 (full 0):
 garbage-first heap   total 245760K, used 210921K [0x0000000641800000, 0x0000000800000000)
  region size 4096K, 32 young (131072K), 1 survivors (4096K)
 Metaspace       used 25463K, committed 25920K, reserved 1114112K
  class space    used 3234K, committed 3456K, reserved 1048576K
}
Event: 2.605 GC heap after
{Heap after GC invocations=18 (full 0):
 garbage-first heap   total 294912K, used 83942K [0x0000000641800000, 0x0000000800000000)
  region size 4096K, 1 young (4096K), 1 survivors (4096K)
 Metaspace       used 25463K, committed 25920K, reserved 1114112K
  class space    used 3234K, committed 3456K, reserved 1048576K
}
Event: 2.708 GC heap before
{Heap before GC invocations=18 (full 0):
 garbage-first heap   total 294912K, used 255974K [0x0000000641800000, 0x0000000800000000)
  region size 4096K, 43 young (176128K), 1 survivors (4096K)
 Metaspace       used 25463K, committed 25920K, reserved 1114112K
  class space    used 3234K, committed 3456K, reserved 1048576K
}
Event: 2.709 GC heap after
{Heap after GC invocations=19 (full 0):
 garbage-first heap   total 294912K, used 83717K [0x0000000641800000, 0x0000000800000000)
  region size 4096K, 1 young (4096K), 1 survivors (4096K)
 Metaspace       used 25463K, committed 25920K, reserved 1114112K
  class space    used 3234K, committed 3456K, reserved 1048576K
}
Event: 3.581 GC heap before
{Heap before GC invocations=19 (full 0):
 garbage-first heap   total 294912K, used 202501K [0x0000000641800000, 0x0000000800000000)
  region size 4096K, 31 young (126976K), 1 survivors (4096K)
 Metaspace       used 32665K, committed 33152K, reserved 1114112K
  class space    used 4493K, committed 4736K, reserved 1048576K
}
Event: 3.591 GC heap after
{Heap after GC invocations=20 (full 0):
 garbage-first heap   total 294912K, used 100684K [0x0000000641800000, 0x0000000800000000)
  region size 4096K, 5 young (20480K), 5 survivors (20480K)
 Metaspace       used 32665K, committed 33152K, reserved 1114112K
  class space    used 4493K, committed 4736K, reserved 1048576K
}

