# JRE version: OpenJDK Runtime Environment OpenLogic-OpenJDK (21.0.6+7) (build 21.0.6+7-adhoc.Administrator.jdk21u)
# Java VM: OpenJDK 64-Bit Server VM OpenLogic-OpenJDK (21.0.6+7-adhoc.Administrator.jdk21u, mixed mode, sharing, tiered, compressed oops, compressed class ptrs, g1 gc, windows-amd64)
GC Precious Log:
 CardTable entry size: 512
 Card Set container configuration: InlinePtr #cards 4 size 8 Array Of Cards #cards 32 size 80 Howl #buckets 8 coarsen threshold 7372 Howl Bitmap #cards 1024 size 144 coarsen threshold 921 Card regions per heap region 1 cards per card region 8192
 CPUs: 12 total, 12 available
 Memory: 28565M
 Large Page Support: Disabled
 NUMA Support: Disabled
 Compressed Oops: Enabled (Zero based)
 Heap Region Size: 4M
 Heap Min Capacity: 8M
 Heap Initial Capacity: 448M
 Heap Max Capacity: 7144M
 Pre-touch: Disabled
 Parallel Workers: 10
 Concurrent Workers: 3
 Concurrent Refinement Workers: 10
 Periodic GC: Disabled
Heap:
 garbage-first heap   total 352256K, used 299980K [0x0000000641800000, 0x0000000800000000)
  region size 4096K, 50 young (204800K), 1 survivors (4096K)
 Metaspace       used 35854K, committed 36352K, reserved 1114112K
  class space    used 4749K, committed 4992K, reserved 1048576K
GC Heap History (20 events):
Event: 2.608 GC heap before
{Heap before GC invocations=7 (full 0):
 garbage-first heap   total 106496K, used 80917K [0x0000000641800000, 0x0000000800000000)
  region size 4096K, 8 young (32768K), 2 survivors (8192K)
 Metaspace       used 25789K, committed 26304K, reserved 1114112K
  class space    used 3223K, committed 3456K, reserved 1048576K
}
Event: 2.614 GC heap after
{Heap after GC invocations=8 (full 0):
 garbage-first heap   total 106496K, used 65973K [0x0000000641800000, 0x0000000800000000)
  region size 4096K, 1 young (4096K), 1 survivors (4096K)
 Metaspace       used 25789K, committed 26304K, reserved 1114112K
  class space    used 3223K, committed 3456K, reserved 1048576K
}
Event: 2.652 GC heap before
{Heap before GC invocations=9 (full 0):
 garbage-first heap   total 118784K, used 82357K [0x0000000641800000, 0x0000000800000000)
  region size 4096K, 5 young (20480K), 1 survivors (4096K)
 Metaspace       used 25789K, committed 26304K, reserved 1114112K
  class space    used 3223K, committed 3456K, reserved 1048576K
}
Event: 2.656 GC heap after
{Heap after GC invocations=10 (full 0):
 garbage-first heap   total 176128K, used 72929K [0x0000000641800000, 0x0000000800000000)
  region size 4096K, 1 young (4096K), 1 survivors (4096K)
 Metaspace       used 25789K, committed 26304K, reserved 1114112K
  class space    used 3223K, committed 3456K, reserved 1048576K
}
Event: 2.831 GC heap before
{Heap before GC invocations=10 (full 0):
 garbage-first heap   total 176128K, used 122081K [0x0000000641800000, 0x0000000800000000)
  region size 4096K, 14 young (57344K), 1 survivors (4096K)
 Metaspace       used 26121K, committed 26624K, reserved 1114112K
  class space    used 3243K, committed 3456K, reserved 1048576K
}
Event: 2.838 GC heap after
{Heap after GC invocations=11 (full 0):
 garbage-first heap   total 176128K, used 83121K [0x0000000641800000, 0x0000000800000000)
  region size 4096K, 2 young (8192K), 2 survivors (8192K)
 Metaspace       used 26121K, committed 26624K, reserved 1114112K
  class space    used 3243K, committed 3456K, reserved 1048576K
}
Event: 2.905 GC heap before
{Heap before GC invocations=11 (full 0):
 garbage-first heap   total 176128K, used 132273K [0x0000000641800000, 0x0000000800000000)
  region size 4096K, 14 young (57344K), 2 survivors (8192K)
 Metaspace       used 26121K, committed 26624K, reserved 1114112K
  class space    used 3243K, committed 3456K, reserved 1048576K
}
Event: 2.907 GC heap after
{Heap after GC invocations=12 (full 0):
 garbage-first heap   total 176128K, used 84226K [0x0000000641800000, 0x0000000800000000)
  region size 4096K, 2 young (8192K), 2 survivors (8192K)
 Metaspace       used 26121K, committed 26624K, reserved 1114112K
  class space    used 3243K, committed 3456K, reserved 1048576K
}
Event: 2.941 GC heap before
{Heap before GC invocations=12 (full 0):
 garbage-first heap   total 176128K, used 133378K [0x0000000641800000, 0x0000000800000000)
  region size 4096K, 14 young (57344K), 2 survivors (8192K)
 Metaspace       used 26121K, committed 26624K, reserved 1114112K
  class space    used 3243K, committed 3456K, reserved 1048576K
}
Event: 2.943 GC heap after
{Heap after GC invocations=13 (full 0):
 garbage-first heap   total 176128K, used 84472K [0x0000000641800000, 0x0000000800000000)
  region size 4096K, 1 young (4096K), 1 survivors (4096K)
 Metaspace       used 26121K, committed 26624K, reserved 1114112K
  class space    used 3243K, committed 3456K, reserved 1048576K
}
Event: 2.987 GC heap before
{Heap before GC invocations=14 (full 0):
 garbage-first heap   total 176128K, used 141816K [0x0000000641800000, 0x0000000800000000)
  region size 4096K, 15 young (61440K), 1 survivors (4096K)
 Metaspace       used 26121K, committed 26624K, reserved 1114112K
  class space    used 3243K, committed 3456K, reserved 1048576K
}
Event: 2.987 GC heap after
{Heap after GC invocations=15 (full 0):
 garbage-first heap   total 176128K, used 84144K [0x0000000641800000, 0x0000000800000000)
  region size 4096K, 1 young (4096K), 1 survivors (4096K)
 Metaspace       used 26121K, committed 26624K, reserved 1114112K
  class space    used 3243K, committed 3456K, reserved 1048576K
}
Event: 3.021 GC heap before
{Heap before GC invocations=15 (full 0):
 garbage-first heap   total 176128K, used 145584K [0x0000000641800000, 0x0000000800000000)
  region size 4096K, 16 young (65536K), 1 survivors (4096K)
 Metaspace       used 26121K, committed 26624K, reserved 1114112K
  class space    used 3243K, committed 3456K, reserved 1048576K
}
Event: 3.023 GC heap after
{Heap after GC invocations=16 (full 0):
 garbage-first heap   total 352256K, used 82921K [0x0000000641800000, 0x0000000800000000)
  region size 4096K, 1 young (4096K), 1 survivors (4096K)
 Metaspace       used 26121K, committed 26624K, reserved 1114112K
  class space    used 3243K, committed 3456K, reserved 1048576K
}
Event: 3.129 GC heap before
{Heap before GC invocations=16 (full 0):
 garbage-first heap   total 352256K, used 275433K [0x0000000641800000, 0x0000000800000000)
  region size 4096K, 48 young (196608K), 1 survivors (4096K)
 Metaspace       used 26121K, committed 26624K, reserved 1114112K
  class space    used 3243K, committed 3456K, reserved 1048576K
}
Event: 3.129 GC heap after
{Heap after GC invocations=17 (full 0):
 garbage-first heap   total 352256K, used 82894K [0x0000000641800000, 0x0000000800000000)
  region size 4096K, 1 young (4096K), 1 survivors (4096K)
 Metaspace       used 26121K, committed 26624K, reserved 1114112K
  class space    used 3243K, committed 3456K, reserved 1048576K
}
Event: 3.234 GC heap before
{Heap before GC invocations=17 (full 0):
 garbage-first heap   total 352256K, used 287694K [0x0000000641800000, 0x0000000800000000)
  region size 4096K, 51 young (208896K), 1 survivors (4096K)
 Metaspace       used 26121K, committed 26624K, reserved 1114112K
  class space    used 3243K, committed 3456K, reserved 1048576K
}
Event: 3.235 GC heap after
{Heap after GC invocations=18 (full 0):
 garbage-first heap   total 352256K, used 82896K [0x0000000641800000, 0x0000000800000000)
  region size 4096K, 1 young (4096K), 1 survivors (4096K)
 Metaspace       used 26121K, committed 26624K, reserved 1114112K
  class space    used 3243K, committed 3456K, reserved 1048576K
}
Event: 3.334 GC heap before
{Heap before GC invocations=18 (full 0):
 garbage-first heap   total 352256K, used 287696K [0x0000000641800000, 0x0000000800000000)
  region size 4096K, 51 young (208896K), 1 survivors (4096K)
 Metaspace       used 26121K, committed 26624K, reserved 1114112K
  class space    used 3243K, committed 3456K, reserved 1048576K
}
Event: 3.335 GC heap after
{Heap after GC invocations=19 (full 0):
 garbage-first heap   total 352256K, used 82892K [0x0000000641800000, 0x0000000800000000)
  region size 4096K, 1 young (4096K), 1 survivors (4096K)
 Metaspace       used 26121K, committed 26624K, reserved 1114112K
  class space    used 3243K, committed 3456K, reserved 1048576K
}

