# JRE version: OpenJDK Runtime Environment OpenLogic-OpenJDK (21.0.6+7) (build 21.0.6+7-adhoc.Administrator.jdk21u)
# Java VM: OpenJDK 64-Bit Server VM OpenLogic-OpenJDK (21.0.6+7-adhoc.Administrator.jdk21u, mixed mode, sharing, tiered, compressed oops, compressed class ptrs, g1 gc, windows-amd64)
GC Precious Log:
 CardTable entry size: 512
 Card Set container configuration: InlinePtr #cards 4 size 8 Array Of Cards #cards 32 size 80 Howl #buckets 8 coarsen threshold 7372 Howl Bitmap #cards 1024 size 144 coarsen threshold 921 Card regions per heap region 1 cards per card region 8192
 CPUs: 12 total, 12 available
 Memory: 28565M
 Large Page Support: Disabled
 NUMA Support: Disabled
 Compressed Oops: Enabled (Zero based)
 Heap Region Size: 4M
 Heap Min Capacity: 8M
 Heap Initial Capacity: 448M
 Heap Max Capacity: 7144M
 Pre-touch: Disabled
 Parallel Workers: 10
 Concurrent Workers: 3
 Concurrent Refinement Workers: 10
 Periodic GC: Disabled
Heap:
 garbage-first heap   total 319488K, used 213134K [0x0000000641800000, 0x0000000800000000)
  region size 4096K, 29 young (118784K), 1 survivors (4096K)
 Metaspace       used 35669K, committed 36224K, reserved 1114112K
  class space    used 4738K, committed 4992K, reserved 1048576K
GC Heap History (20 events):
Event: 2.867 GC heap before
{Heap before GC invocations=7 (full 0):
 garbage-first heap   total 106496K, used 79517K [0x0000000641800000, 0x0000000800000000)
  region size 4096K, 7 young (28672K), 2 survivors (8192K)
 Metaspace       used 25777K, committed 26304K, reserved 1114112K
  class space    used 3220K, committed 3456K, reserved 1048576K
}
Event: 2.872 GC heap after
{Heap after GC invocations=8 (full 0):
 garbage-first heap   total 106496K, used 68035K [0x0000000641800000, 0x0000000800000000)
  region size 4096K, 1 young (4096K), 1 survivors (4096K)
 Metaspace       used 25777K, committed 26304K, reserved 1114112K
  class space    used 3220K, committed 3456K, reserved 1048576K
}
Event: 2.917 GC heap before
{Heap before GC invocations=9 (full 0):
 garbage-first heap   total 118784K, used 84419K [0x0000000641800000, 0x0000000800000000)
  region size 4096K, 5 young (20480K), 1 survivors (4096K)
 Metaspace       used 25777K, committed 26304K, reserved 1114112K
  class space    used 3220K, committed 3456K, reserved 1048576K
}
Event: 2.920 GC heap after
{Heap after GC invocations=10 (full 0):
 garbage-first heap   total 118784K, used 76115K [0x0000000641800000, 0x0000000800000000)
  region size 4096K, 1 young (4096K), 1 survivors (4096K)
 Metaspace       used 25777K, committed 26304K, reserved 1114112K
  class space    used 3220K, committed 3456K, reserved 1048576K
}
Event: 2.962 GC heap before
{Heap before GC invocations=10 (full 0):
 garbage-first heap   total 118784K, used 92499K [0x0000000641800000, 0x0000000800000000)
  region size 4096K, 5 young (20480K), 1 survivors (4096K)
 Metaspace       used 25777K, committed 26304K, reserved 1114112K
  class space    used 3220K, committed 3456K, reserved 1048576K
}
Event: 2.967 GC heap after
{Heap after GC invocations=11 (full 0):
 garbage-first heap   total 225280K, used 81739K [0x0000000641800000, 0x0000000800000000)
  region size 4096K, 1 young (4096K), 1 survivors (4096K)
 Metaspace       used 25777K, committed 26304K, reserved 1114112K
  class space    used 3220K, committed 3456K, reserved 1048576K
}
Event: 3.176 GC heap before
{Heap before GC invocations=11 (full 0):
 garbage-first heap   total 225280K, used 155467K [0x0000000641800000, 0x0000000800000000)
  region size 4096K, 19 young (77824K), 1 survivors (4096K)
 Metaspace       used 26109K, committed 26624K, reserved 1114112K
  class space    used 3240K, committed 3456K, reserved 1048576K
}
Event: 3.179 GC heap after
{Heap after GC invocations=12 (full 0):
 garbage-first heap   total 225280K, used 85657K [0x0000000641800000, 0x0000000800000000)
  region size 4096K, 2 young (8192K), 2 survivors (8192K)
 Metaspace       used 26109K, committed 26624K, reserved 1114112K
  class space    used 3240K, committed 3456K, reserved 1048576K
}
Event: 3.262 GC heap before
{Heap before GC invocations=12 (full 0):
 garbage-first heap   total 225280K, used 163481K [0x0000000641800000, 0x0000000800000000)
  region size 4096K, 21 young (86016K), 2 survivors (8192K)
 Metaspace       used 26109K, committed 26624K, reserved 1114112K
  class space    used 3240K, committed 3456K, reserved 1048576K
}
Event: 3.265 GC heap after
{Heap after GC invocations=13 (full 0):
 garbage-first heap   total 225280K, used 86110K [0x0000000641800000, 0x0000000800000000)
  region size 4096K, 1 young (4096K), 1 survivors (4096K)
 Metaspace       used 26109K, committed 26624K, reserved 1114112K
  class space    used 3240K, committed 3456K, reserved 1048576K
}
Event: 3.331 GC heap before
{Heap before GC invocations=13 (full 0):
 garbage-first heap   total 225280K, used 168030K [0x0000000641800000, 0x0000000800000000)
  region size 4096K, 21 young (86016K), 1 survivors (4096K)
 Metaspace       used 26109K, committed 26624K, reserved 1114112K
  class space    used 3240K, committed 3456K, reserved 1048576K
}
Event: 3.332 GC heap after
{Heap after GC invocations=14 (full 0):
 garbage-first heap   total 225280K, used 85820K [0x0000000641800000, 0x0000000800000000)
  region size 4096K, 1 young (4096K), 1 survivors (4096K)
 Metaspace       used 26109K, committed 26624K, reserved 1114112K
  class space    used 3240K, committed 3456K, reserved 1048576K
}
Event: 3.383 GC heap before
{Heap before GC invocations=14 (full 0):
 garbage-first heap   total 225280K, used 175932K [0x0000000641800000, 0x0000000800000000)
  region size 4096K, 23 young (94208K), 1 survivors (4096K)
 Metaspace       used 26109K, committed 26624K, reserved 1114112K
  class space    used 3240K, committed 3456K, reserved 1048576K
}
Event: 3.385 GC heap after
{Heap after GC invocations=15 (full 0):
 garbage-first heap   total 319488K, used 85675K [0x0000000641800000, 0x0000000800000000)
  region size 4096K, 1 young (4096K), 1 survivors (4096K)
 Metaspace       used 26109K, committed 26624K, reserved 1114112K
  class space    used 3240K, committed 3456K, reserved 1048576K
}
Event: 3.494 GC heap before
{Heap before GC invocations=15 (full 0):
 garbage-first heap   total 319488K, used 245419K [0x0000000641800000, 0x0000000800000000)
  region size 4096K, 40 young (163840K), 1 survivors (4096K)
 Metaspace       used 26109K, committed 26624K, reserved 1114112K
  class space    used 3240K, committed 3456K, reserved 1048576K
}
Event: 3.495 GC heap after
{Heap after GC invocations=16 (full 0):
 garbage-first heap   total 319488K, used 85778K [0x0000000641800000, 0x0000000800000000)
  region size 4096K, 1 young (4096K), 1 survivors (4096K)
 Metaspace       used 26109K, committed 26624K, reserved 1114112K
  class space    used 3240K, committed 3456K, reserved 1048576K
}
Event: 3.616 GC heap before
{Heap before GC invocations=16 (full 0):
 garbage-first heap   total 319488K, used 270098K [0x0000000641800000, 0x0000000800000000)
  region size 4096K, 46 young (188416K), 1 survivors (4096K)
 Metaspace       used 26109K, committed 26624K, reserved 1114112K
  class space    used 3240K, committed 3456K, reserved 1048576K
}
Event: 3.617 GC heap after
{Heap after GC invocations=17 (full 0):
 garbage-first heap   total 319488K, used 85653K [0x0000000641800000, 0x0000000800000000)
  region size 4096K, 1 young (4096K), 1 survivors (4096K)
 Metaspace       used 26109K, committed 26624K, reserved 1114112K
  class space    used 3240K, committed 3456K, reserved 1048576K
}
Event: 3.948 GC heap before
{Heap before GC invocations=17 (full 0):
 garbage-first heap   total 319488K, used 269973K [0x0000000641800000, 0x0000000800000000)
  region size 4096K, 46 young (188416K), 1 survivors (4096K)
 Metaspace       used 29478K, committed 30016K, reserved 1114112K
  class space    used 3935K, committed 4160K, reserved 1048576K
}
Event: 3.950 GC heap after
{Heap after GC invocations=18 (full 0):
 garbage-first heap   total 319488K, used 86158K [0x0000000641800000, 0x0000000800000000)
  region size 4096K, 1 young (4096K), 1 survivors (4096K)
 Metaspace       used 29478K, committed 30016K, reserved 1114112K
  class space    used 3935K, committed 4160K, reserved 1048576K
}

